# Logfile created on 2014-04-25 23:48:08 +0300 by logger.rb/44203
I, [2014-04-25T23:48:08.728513 #7555]  INFO -- : 0:  addressable (2.3.6) from /home/emanuela/.rvm/gems/ruby-2.1.0/specifications/addressable-2.3.6.gemspec
I, [2014-04-25T23:48:08.729250 #7555]  INFO -- : 0:  encryptor (1.3.0) from /home/emanuela/.rvm/gems/ruby-2.1.0/specifications/encryptor-1.3.0.gemspec
I, [2014-04-25T23:48:09.441047 #7555]  INFO -- : 0:  attr_encrypted (1.3.2) from /home/emanuela/.rvm/gems/ruby-2.1.0/specifications/attr_encrypted-1.3.2.gemspec
I, [2014-04-25T23:48:10.665185 #7555]  INFO -- : 0:  backports (3.6.0) from /home/emanuela/.rvm/gems/ruby-2.1.0/specifications/backports-3.6.0.gemspec
I, [2014-04-25T23:48:15.248722 #7555]  INFO -- : 0:  bcrypt (3.1.7) from /home/emanuela/.rvm/gems/ruby-2.1.0/specifications/bcrypt-3.1.7.gemspec
I, [2014-04-25T23:48:15.923211 #7555]  INFO -- : 0:  bcrypt-ruby (3.1.5) from /home/emanuela/.rvm/gems/ruby-2.1.0/specifications/bcrypt-ruby-3.1.5.gemspec
I, [2014-04-25T23:48:16.563582 #7555]  INFO -- : 0:  timers (1.1.0) from /home/emanuela/.rvm/gems/ruby-2.1.0/specifications/timers-1.1.0.gemspec
I, [2014-04-25T23:48:17.391544 #7555]  INFO -- : 0:  celluloid (0.15.2) from /home/emanuela/.rvm/gems/ruby-2.1.0/specifications/celluloid-0.15.2.gemspec
I, [2014-04-25T23:48:21.722805 #7555]  INFO -- : 0:  nio4r (1.0.0) from /home/emanuela/.rvm/gems/ruby-2.1.0/specifications/nio4r-1.0.0.gemspec
I, [2014-04-25T23:48:22.638932 #7555]  INFO -- : 0:  celluloid-io (0.15.0) from /home/emanuela/.rvm/gems/ruby-2.1.0/specifications/celluloid-io-0.15.0.gemspec
I, [2014-04-25T23:48:23.367259 #7555]  INFO -- : 0:  chartkick (1.2.4) from /home/emanuela/.rvm/gems/ruby-2.1.0/specifications/chartkick-1.2.4.gemspec
I, [2014-04-25T23:48:23.367821 #7555]  INFO -- : 0:  daemons (1.1.9) from /home/emanuela/.rvm/gems/ruby-2.1.0/specifications/daemons-1.1.9.gemspec
I, [2014-04-25T23:48:23.368245 #7555]  INFO -- : 0:  dm-core (1.2.1) from /home/emanuela/.rvm/gems/ruby-2.1.0/specifications/dm-core-1.2.1.gemspec
I, [2014-04-25T23:48:23.368659 #7555]  INFO -- : 0:  dm-aggregates (1.2.0) from /home/emanuela/.rvm/gems/ruby-2.1.0/specifications/dm-aggregates-1.2.0.gemspec
I, [2014-04-25T23:48:23.369076 #7555]  INFO -- : 0:  dm-constraints (1.2.0) from /home/emanuela/.rvm/gems/ruby-2.1.0/specifications/dm-constraints-1.2.0.gemspec
I, [2014-04-25T23:48:23.369491 #7555]  INFO -- : 0:  dm-migrations (1.2.0) from /home/emanuela/.rvm/gems/ruby-2.1.0/specifications/dm-migrations-1.2.0.gemspec
I, [2014-04-25T23:48:23.369902 #7555]  INFO -- : 0:  fastercsv (1.5.5) from /home/emanuela/.rvm/gems/ruby-2.1.0/specifications/fastercsv-1.5.5.gemspec
I, [2014-04-25T23:48:23.370303 #7555]  INFO -- : 0:  json (1.8.1) from /home/emanuela/.rvm/rubies/ruby-2.1.0/lib/ruby/gems/2.1.0/specifications/default/json-1.8.1.gemspec
I, [2014-04-25T23:48:23.370712 #7555]  INFO -- : 0:  json_pure (1.8.1) from /home/emanuela/.rvm/gems/ruby-2.1.0/specifications/json_pure-1.8.1.gemspec
I, [2014-04-25T23:48:24.163928 #7555]  INFO -- : 0:  multi_json (1.9.2) from /home/emanuela/.rvm/gems/ruby-2.1.0/specifications/multi_json-1.9.2.gemspec
I, [2014-04-25T23:48:24.164638 #7555]  INFO -- : 0:  dm-serializer (1.2.2) from /home/emanuela/.rvm/gems/ruby-2.1.0/specifications/dm-serializer-1.2.2.gemspec
I, [2014-04-25T23:48:24.165203 #7555]  INFO -- : 0:  dm-timestamps (1.2.0) from /home/emanuela/.rvm/gems/ruby-2.1.0/specifications/dm-timestamps-1.2.0.gemspec
I, [2014-04-25T23:48:24.165759 #7555]  INFO -- : 0:  dm-transactions (1.2.0) from /home/emanuela/.rvm/gems/ruby-2.1.0/specifications/dm-transactions-1.2.0.gemspec
I, [2014-04-25T23:48:24.166346 #7555]  INFO -- : 0:  stringex (1.5.1) from /home/emanuela/.rvm/gems/ruby-2.1.0/specifications/stringex-1.5.1.gemspec
I, [2014-04-25T23:48:24.166905 #7555]  INFO -- : 0:  uuidtools (2.1.4) from /home/emanuela/.rvm/gems/ruby-2.1.0/specifications/uuidtools-2.1.4.gemspec
I, [2014-04-25T23:48:24.167478 #7555]  INFO -- : 0:  dm-types (1.2.2) from /home/emanuela/.rvm/gems/ruby-2.1.0/specifications/dm-types-1.2.2.gemspec
I, [2014-04-25T23:48:24.168032 #7555]  INFO -- : 0:  dm-validations (1.2.0) from /home/emanuela/.rvm/gems/ruby-2.1.0/specifications/dm-validations-1.2.0.gemspec
I, [2014-04-25T23:48:24.168611 #7555]  INFO -- : 0:  data_mapper (1.2.0) from /home/emanuela/.rvm/gems/ruby-2.1.0/specifications/data_mapper-1.2.0.gemspec
I, [2014-04-25T23:48:24.980565 #7555]  INFO -- : 0:  data_objects (0.10.14) from /home/emanuela/.rvm/gems/ruby-2.1.0/specifications/data_objects-0.10.14.gemspec
I, [2014-04-25T23:48:24.981076 #7555]  INFO -- : 0:  dm-do-adapter (1.2.0) from /home/emanuela/.rvm/gems/ruby-2.1.0/specifications/dm-do-adapter-1.2.0.gemspec
I, [2014-04-25T23:48:28.737649 #7555]  INFO -- : 0:  do_sqlite3 (0.10.14) from /home/emanuela/.rvm/gems/ruby-2.1.0/specifications/do_sqlite3-0.10.14.gemspec
I, [2014-04-25T23:48:28.738268 #7555]  INFO -- : 0:  dm-sqlite-adapter (1.2.0) from /home/emanuela/.rvm/gems/ruby-2.1.0/specifications/dm-sqlite-adapter-1.2.0.gemspec
I, [2014-04-25T23:48:28.738697 #7555]  INFO -- : 0:  eventmachine (1.0.3) from /home/emanuela/.rvm/gems/ruby-2.1.0/specifications/eventmachine-1.0.3.gemspec
I, [2014-04-25T23:48:28.739150 #7555]  INFO -- : 0:  ffi (1.9.3) from /home/emanuela/.rvm/gems/ruby-2.1.0/specifications/ffi-1.9.3.gemspec
I, [2014-04-25T23:48:28.739572 #7555]  INFO -- : 0:  tilt (1.4.1) from /home/emanuela/.rvm/gems/ruby-2.1.0/specifications/tilt-1.4.1.gemspec
I, [2014-04-25T23:48:28.739984 #7555]  INFO -- : 0:  haml (4.0.5) from /home/emanuela/.rvm/gems/ruby-2.1.0/specifications/haml-4.0.5.gemspec
I, [2014-04-25T23:48:29.907464 #7555]  INFO -- : 0:  rb-fsevent (0.9.4) from /home/emanuela/.rvm/gems/ruby-2.1.0/specifications/rb-fsevent-0.9.4.gemspec
I, [2014-04-25T23:48:30.603505 #7555]  INFO -- : 0:  rb-inotify (0.9.3) from /home/emanuela/.rvm/gems/ruby-2.1.0/specifications/rb-inotify-0.9.3.gemspec
I, [2014-04-25T23:48:31.344648 #7555]  INFO -- : 0:  listen (2.7.2) from /home/emanuela/.rvm/gems/ruby-2.1.0/specifications/listen-2.7.2.gemspec
I, [2014-04-25T23:48:31.345195 #7555]  INFO -- : 0:  rack (1.5.2) from /home/emanuela/.rvm/gems/ruby-2.1.0/specifications/rack-1.5.2.gemspec
I, [2014-04-25T23:48:32.084237 #7555]  INFO -- : 0:  rack-protection (1.5.3) from /home/emanuela/.rvm/gems/ruby-2.1.0/specifications/rack-protection-1.5.3.gemspec
I, [2014-04-25T23:48:32.084768 #7555]  INFO -- : 0:  rack-test (0.6.2) from /home/emanuela/.rvm/gems/ruby-2.1.0/specifications/rack-test-0.6.2.gemspec
I, [2014-04-25T23:48:32.780054 #7555]  INFO -- : 0:  rerun (0.9.0) from /home/emanuela/.rvm/gems/ruby-2.1.0/specifications/rerun-0.9.0.gemspec
I, [2014-04-25T23:48:36.354166 #7555]  INFO -- : 0:  sequel (4.9.0) from /home/emanuela/.rvm/gems/ruby-2.1.0/specifications/sequel-4.9.0.gemspec
I, [2014-04-25T23:48:37.712948 #7555]  INFO -- : 0:  sinatra (1.4.5) from /home/emanuela/.rvm/gems/ruby-2.1.0/specifications/sinatra-1.4.5.gemspec
I, [2014-04-25T23:48:37.713463 #7555]  INFO -- : 0:  sinatra-contrib (1.4.2) from /home/emanuela/.rvm/gems/ruby-2.1.0/specifications/sinatra-contrib-1.4.2.gemspec
I, [2014-04-25T23:48:42.903816 #7555]  INFO -- : 0:  sqlite3 (1.3.9) from /home/emanuela/.rvm/gems/ruby-2.1.0/specifications/sqlite3-1.3.9.gemspec
I, [2014-04-25T23:48:45.097017 #7555]  INFO -- : 0:  thin (1.6.2) from /home/emanuela/.rvm/gems/ruby-2.1.0/specifications/thin-1.6.2.gemspec
I, [2014-04-25T23:48:45.097622 #7555]  INFO -- : 0:  bundler (1.5.1) from /home/emanuela/.rvm/gems/ruby-2.1.0@global/specifications/bundler-1.5.1.gemspec
I, [2014-04-26T03:03:58.432046 #12421]  INFO -- : 0:  addressable (2.3.6) from /home/emanuela/.rvm/gems/ruby-2.1.0/specifications/addressable-2.3.6.gemspec
I, [2014-04-26T03:03:58.432659 #12421]  INFO -- : 0:  encryptor (1.3.0) from /home/emanuela/.rvm/gems/ruby-2.1.0/specifications/encryptor-1.3.0.gemspec
I, [2014-04-26T03:03:58.433136 #12421]  INFO -- : 0:  attr_encrypted (1.3.2) from /home/emanuela/.rvm/gems/ruby-2.1.0/specifications/attr_encrypted-1.3.2.gemspec
I, [2014-04-26T03:03:58.433582 #12421]  INFO -- : 0:  backports (3.6.0) from /home/emanuela/.rvm/gems/ruby-2.1.0/specifications/backports-3.6.0.gemspec
I, [2014-04-26T03:03:58.434036 #12421]  INFO -- : 0:  bcrypt (3.1.7) from /home/emanuela/.rvm/gems/ruby-2.1.0/specifications/bcrypt-3.1.7.gemspec
I, [2014-04-26T03:03:58.434572 #12421]  INFO -- : 0:  bcrypt-ruby (3.1.5) from /home/emanuela/.rvm/gems/ruby-2.1.0/specifications/bcrypt-ruby-3.1.5.gemspec
I, [2014-04-26T03:03:58.435068 #12421]  INFO -- : 0:  timers (1.1.0) from /home/emanuela/.rvm/gems/ruby-2.1.0/specifications/timers-1.1.0.gemspec
I, [2014-04-26T03:03:58.435563 #12421]  INFO -- : 0:  celluloid (0.15.2) from /home/emanuela/.rvm/gems/ruby-2.1.0/specifications/celluloid-0.15.2.gemspec
I, [2014-04-26T03:03:58.436086 #12421]  INFO -- : 0:  nio4r (1.0.0) from /home/emanuela/.rvm/gems/ruby-2.1.0/specifications/nio4r-1.0.0.gemspec
I, [2014-04-26T03:03:58.436512 #12421]  INFO -- : 0:  celluloid-io (0.15.0) from /home/emanuela/.rvm/gems/ruby-2.1.0/specifications/celluloid-io-0.15.0.gemspec
I, [2014-04-26T03:03:58.436949 #12421]  INFO -- : 0:  chartkick (1.2.4) from /home/emanuela/.rvm/gems/ruby-2.1.0/specifications/chartkick-1.2.4.gemspec
I, [2014-04-26T03:03:58.437424 #12421]  INFO -- : 0:  daemons (1.1.9) from /home/emanuela/.rvm/gems/ruby-2.1.0/specifications/daemons-1.1.9.gemspec
I, [2014-04-26T03:03:58.437898 #12421]  INFO -- : 0:  dm-core (1.2.1) from /home/emanuela/.rvm/gems/ruby-2.1.0/specifications/dm-core-1.2.1.gemspec
I, [2014-04-26T03:03:58.438392 #12421]  INFO -- : 0:  dm-aggregates (1.2.0) from /home/emanuela/.rvm/gems/ruby-2.1.0/specifications/dm-aggregates-1.2.0.gemspec
I, [2014-04-26T03:03:58.438913 #12421]  INFO -- : 0:  dm-constraints (1.2.0) from /home/emanuela/.rvm/gems/ruby-2.1.0/specifications/dm-constraints-1.2.0.gemspec
I, [2014-04-26T03:03:58.439420 #12421]  INFO -- : 0:  dm-migrations (1.2.0) from /home/emanuela/.rvm/gems/ruby-2.1.0/specifications/dm-migrations-1.2.0.gemspec
I, [2014-04-26T03:03:58.439898 #12421]  INFO -- : 0:  fastercsv (1.5.5) from /home/emanuela/.rvm/gems/ruby-2.1.0/specifications/fastercsv-1.5.5.gemspec
I, [2014-04-26T03:03:58.440371 #12421]  INFO -- : 0:  json (1.8.1) from /home/emanuela/.rvm/rubies/ruby-2.1.0/lib/ruby/gems/2.1.0/specifications/default/json-1.8.1.gemspec
I, [2014-04-26T03:03:58.440854 #12421]  INFO -- : 0:  json_pure (1.8.1) from /home/emanuela/.rvm/gems/ruby-2.1.0/specifications/json_pure-1.8.1.gemspec
I, [2014-04-26T03:03:58.441365 #12421]  INFO -- : 0:  multi_json (1.9.2) from /home/emanuela/.rvm/gems/ruby-2.1.0/specifications/multi_json-1.9.2.gemspec
I, [2014-04-26T03:03:58.441844 #12421]  INFO -- : 0:  dm-serializer (1.2.2) from /home/emanuela/.rvm/gems/ruby-2.1.0/specifications/dm-serializer-1.2.2.gemspec
I, [2014-04-26T03:03:58.442303 #12421]  INFO -- : 0:  dm-timestamps (1.2.0) from /home/emanuela/.rvm/gems/ruby-2.1.0/specifications/dm-timestamps-1.2.0.gemspec
I, [2014-04-26T03:03:58.442773 #12421]  INFO -- : 0:  dm-transactions (1.2.0) from /home/emanuela/.rvm/gems/ruby-2.1.0/specifications/dm-transactions-1.2.0.gemspec
I, [2014-04-26T03:03:58.443294 #12421]  INFO -- : 0:  stringex (1.5.1) from /home/emanuela/.rvm/gems/ruby-2.1.0/specifications/stringex-1.5.1.gemspec
I, [2014-04-26T03:03:58.443787 #12421]  INFO -- : 0:  uuidtools (2.1.4) from /home/emanuela/.rvm/gems/ruby-2.1.0/specifications/uuidtools-2.1.4.gemspec
I, [2014-04-26T03:03:58.444252 #12421]  INFO -- : 0:  dm-types (1.2.2) from /home/emanuela/.rvm/gems/ruby-2.1.0/specifications/dm-types-1.2.2.gemspec
I, [2014-04-26T03:03:58.444656 #12421]  INFO -- : 0:  dm-validations (1.2.0) from /home/emanuela/.rvm/gems/ruby-2.1.0/specifications/dm-validations-1.2.0.gemspec
I, [2014-04-26T03:03:58.445069 #12421]  INFO -- : 0:  data_mapper (1.2.0) from /home/emanuela/.rvm/gems/ruby-2.1.0/specifications/data_mapper-1.2.0.gemspec
I, [2014-04-26T03:03:58.445540 #12421]  INFO -- : 0:  data_objects (0.10.14) from /home/emanuela/.rvm/gems/ruby-2.1.0/specifications/data_objects-0.10.14.gemspec
I, [2014-04-26T03:03:58.445978 #12421]  INFO -- : 0:  dm-do-adapter (1.2.0) from /home/emanuela/.rvm/gems/ruby-2.1.0/specifications/dm-do-adapter-1.2.0.gemspec
I, [2014-04-26T03:03:58.446470 #12421]  INFO -- : 0:  do_sqlite3 (0.10.14) from /home/emanuela/.rvm/gems/ruby-2.1.0/specifications/do_sqlite3-0.10.14.gemspec
I, [2014-04-26T03:03:58.447012 #12421]  INFO -- : 0:  dm-sqlite-adapter (1.2.0) from /home/emanuela/.rvm/gems/ruby-2.1.0/specifications/dm-sqlite-adapter-1.2.0.gemspec
I, [2014-04-26T03:03:58.447501 #12421]  INFO -- : 0:  eventmachine (1.0.3) from /home/emanuela/.rvm/gems/ruby-2.1.0/specifications/eventmachine-1.0.3.gemspec
I, [2014-04-26T03:03:59.410156 #12421]  INFO -- : 0:  em-websocket (0.3.8) from /home/emanuela/.rvm/gems/ruby-2.1.0/specifications/em-websocket-0.3.8.gemspec
I, [2014-04-26T03:03:59.410731 #12421]  INFO -- : 0:  ffi (1.9.3) from /home/emanuela/.rvm/gems/ruby-2.1.0/specifications/ffi-1.9.3.gemspec
I, [2014-04-26T03:03:59.411174 #12421]  INFO -- : 0:  tilt (1.4.1) from /home/emanuela/.rvm/gems/ruby-2.1.0/specifications/tilt-1.4.1.gemspec
I, [2014-04-26T03:03:59.411557 #12421]  INFO -- : 0:  haml (4.0.5) from /home/emanuela/.rvm/gems/ruby-2.1.0/specifications/haml-4.0.5.gemspec
I, [2014-04-26T03:03:59.411953 #12421]  INFO -- : 0:  rb-fsevent (0.9.4) from /home/emanuela/.rvm/gems/ruby-2.1.0/specifications/rb-fsevent-0.9.4.gemspec
I, [2014-04-26T03:03:59.412353 #12421]  INFO -- : 0:  rb-inotify (0.9.3) from /home/emanuela/.rvm/gems/ruby-2.1.0/specifications/rb-inotify-0.9.3.gemspec
I, [2014-04-26T03:03:59.412726 #12421]  INFO -- : 0:  listen (2.7.2) from /home/emanuela/.rvm/gems/ruby-2.1.0/specifications/listen-2.7.2.gemspec
I, [2014-04-26T03:03:59.413120 #12421]  INFO -- : 0:  rack (1.5.2) from /home/emanuela/.rvm/gems/ruby-2.1.0/specifications/rack-1.5.2.gemspec
I, [2014-04-26T03:03:59.413507 #12421]  INFO -- : 0:  rack-protection (1.5.3) from /home/emanuela/.rvm/gems/ruby-2.1.0/specifications/rack-protection-1.5.3.gemspec
I, [2014-04-26T03:03:59.413950 #12421]  INFO -- : 0:  rack-test (0.6.2) from /home/emanuela/.rvm/gems/ruby-2.1.0/specifications/rack-test-0.6.2.gemspec
I, [2014-04-26T03:03:59.414354 #12421]  INFO -- : 0:  rerun (0.9.0) from /home/emanuela/.rvm/gems/ruby-2.1.0/specifications/rerun-0.9.0.gemspec
I, [2014-04-26T03:03:59.414733 #12421]  INFO -- : 0:  sequel (4.9.0) from /home/emanuela/.rvm/gems/ruby-2.1.0/specifications/sequel-4.9.0.gemspec
I, [2014-04-26T03:03:59.415203 #12421]  INFO -- : 0:  sinatra (1.4.5) from /home/emanuela/.rvm/gems/ruby-2.1.0/specifications/sinatra-1.4.5.gemspec
I, [2014-04-26T03:03:59.415635 #12421]  INFO -- : 0:  sinatra-contrib (1.4.2) from /home/emanuela/.rvm/gems/ruby-2.1.0/specifications/sinatra-contrib-1.4.2.gemspec
I, [2014-04-26T03:03:59.416064 #12421]  INFO -- : 0:  thin (1.6.2) from /home/emanuela/.rvm/gems/ruby-2.1.0/specifications/thin-1.6.2.gemspec
I, [2014-04-26T03:04:00.072316 #12421]  INFO -- : 0:  sinatra-websocket (0.3.0) from /home/emanuela/.rvm/gems/ruby-2.1.0/specifications/sinatra-websocket-0.3.0.gemspec
I, [2014-04-26T03:04:00.072874 #12421]  INFO -- : 0:  sqlite3 (1.3.9) from /home/emanuela/.rvm/gems/ruby-2.1.0/specifications/sqlite3-1.3.9.gemspec
I, [2014-04-26T03:04:00.073243 #12421]  INFO -- : 0:  bundler (1.5.1) from /home/emanuela/.rvm/gems/ruby-2.1.0@global/specifications/bundler-1.5.1.gemspec
I, [2014-04-26T18:44:31.099533 #13297]  INFO -- : 0:  addressable (2.3.6) from /home/emanuela/.rvm/gems/ruby-2.1.0/specifications/addressable-2.3.6.gemspec
I, [2014-04-26T18:44:31.110437 #13297]  INFO -- : 0:  encryptor (1.3.0) from /home/emanuela/.rvm/gems/ruby-2.1.0/specifications/encryptor-1.3.0.gemspec
I, [2014-04-26T18:44:31.111710 #13297]  INFO -- : 0:  attr_encrypted (1.3.2) from /home/emanuela/.rvm/gems/ruby-2.1.0/specifications/attr_encrypted-1.3.2.gemspec
I, [2014-04-26T18:44:31.112401 #13297]  INFO -- : 0:  backports (3.6.0) from /home/emanuela/.rvm/gems/ruby-2.1.0/specifications/backports-3.6.0.gemspec
I, [2014-04-26T18:44:31.113040 #13297]  INFO -- : 0:  bcrypt (3.1.7) from /home/emanuela/.rvm/gems/ruby-2.1.0/specifications/bcrypt-3.1.7.gemspec
I, [2014-04-26T18:44:31.113579 #13297]  INFO -- : 0:  bcrypt-ruby (3.1.5) from /home/emanuela/.rvm/gems/ruby-2.1.0/specifications/bcrypt-ruby-3.1.5.gemspec
I, [2014-04-26T18:44:31.114123 #13297]  INFO -- : 0:  timers (1.1.0) from /home/emanuela/.rvm/gems/ruby-2.1.0/specifications/timers-1.1.0.gemspec
I, [2014-04-26T18:44:31.114718 #13297]  INFO -- : 0:  celluloid (0.15.2) from /home/emanuela/.rvm/gems/ruby-2.1.0/specifications/celluloid-0.15.2.gemspec
I, [2014-04-26T18:44:31.115258 #13297]  INFO -- : 0:  nio4r (1.0.0) from /home/emanuela/.rvm/gems/ruby-2.1.0/specifications/nio4r-1.0.0.gemspec
I, [2014-04-26T18:44:31.115787 #13297]  INFO -- : 0:  celluloid-io (0.15.0) from /home/emanuela/.rvm/gems/ruby-2.1.0/specifications/celluloid-io-0.15.0.gemspec
I, [2014-04-26T18:44:31.116325 #13297]  INFO -- : 0:  chartkick (1.2.4) from /home/emanuela/.rvm/gems/ruby-2.1.0/specifications/chartkick-1.2.4.gemspec
I, [2014-04-26T18:44:31.116854 #13297]  INFO -- : 0:  daemons (1.1.9) from /home/emanuela/.rvm/gems/ruby-2.1.0/specifications/daemons-1.1.9.gemspec
I, [2014-04-26T18:44:31.117383 #13297]  INFO -- : 0:  dm-core (1.2.1) from /home/emanuela/.rvm/gems/ruby-2.1.0/specifications/dm-core-1.2.1.gemspec
I, [2014-04-26T18:44:31.117896 #13297]  INFO -- : 0:  dm-aggregates (1.2.0) from /home/emanuela/.rvm/gems/ruby-2.1.0/specifications/dm-aggregates-1.2.0.gemspec
I, [2014-04-26T18:44:31.118428 #13297]  INFO -- : 0:  dm-constraints (1.2.0) from /home/emanuela/.rvm/gems/ruby-2.1.0/specifications/dm-constraints-1.2.0.gemspec
I, [2014-04-26T18:44:31.118988 #13297]  INFO -- : 0:  dm-migrations (1.2.0) from /home/emanuela/.rvm/gems/ruby-2.1.0/specifications/dm-migrations-1.2.0.gemspec
I, [2014-04-26T18:44:31.119522 #13297]  INFO -- : 0:  fastercsv (1.5.5) from /home/emanuela/.rvm/gems/ruby-2.1.0/specifications/fastercsv-1.5.5.gemspec
I, [2014-04-26T18:44:31.120045 #13297]  INFO -- : 0:  json (1.8.1) from /home/emanuela/.rvm/rubies/ruby-2.1.0/lib/ruby/gems/2.1.0/specifications/default/json-1.8.1.gemspec
I, [2014-04-26T18:44:31.120576 #13297]  INFO -- : 0:  json_pure (1.8.1) from /home/emanuela/.rvm/gems/ruby-2.1.0/specifications/json_pure-1.8.1.gemspec
I, [2014-04-26T18:44:31.121101 #13297]  INFO -- : 0:  multi_json (1.9.2) from /home/emanuela/.rvm/gems/ruby-2.1.0/specifications/multi_json-1.9.2.gemspec
I, [2014-04-26T18:44:31.121638 #13297]  INFO -- : 0:  dm-serializer (1.2.2) from /home/emanuela/.rvm/gems/ruby-2.1.0/specifications/dm-serializer-1.2.2.gemspec
I, [2014-04-26T18:44:31.122175 #13297]  INFO -- : 0:  dm-timestamps (1.2.0) from /home/emanuela/.rvm/gems/ruby-2.1.0/specifications/dm-timestamps-1.2.0.gemspec
I, [2014-04-26T18:44:31.122714 #13297]  INFO -- : 0:  dm-transactions (1.2.0) from /home/emanuela/.rvm/gems/ruby-2.1.0/specifications/dm-transactions-1.2.0.gemspec
I, [2014-04-26T18:44:31.123264 #13297]  INFO -- : 0:  stringex (1.5.1) from /home/emanuela/.rvm/gems/ruby-2.1.0/specifications/stringex-1.5.1.gemspec
I, [2014-04-26T18:44:31.123808 #13297]  INFO -- : 0:  uuidtools (2.1.4) from /home/emanuela/.rvm/gems/ruby-2.1.0/specifications/uuidtools-2.1.4.gemspec
I, [2014-04-26T18:44:31.124332 #13297]  INFO -- : 0:  dm-types (1.2.2) from /home/emanuela/.rvm/gems/ruby-2.1.0/specifications/dm-types-1.2.2.gemspec
I, [2014-04-26T18:44:31.124879 #13297]  INFO -- : 0:  dm-validations (1.2.0) from /home/emanuela/.rvm/gems/ruby-2.1.0/specifications/dm-validations-1.2.0.gemspec
I, [2014-04-26T18:44:31.125426 #13297]  INFO -- : 0:  data_mapper (1.2.0) from /home/emanuela/.rvm/gems/ruby-2.1.0/specifications/data_mapper-1.2.0.gemspec
I, [2014-04-26T18:44:31.125948 #13297]  INFO -- : 0:  data_objects (0.10.14) from /home/emanuela/.rvm/gems/ruby-2.1.0/specifications/data_objects-0.10.14.gemspec
I, [2014-04-26T18:44:31.126485 #13297]  INFO -- : 0:  dm-do-adapter (1.2.0) from /home/emanuela/.rvm/gems/ruby-2.1.0/specifications/dm-do-adapter-1.2.0.gemspec
I, [2014-04-26T18:44:31.127049 #13297]  INFO -- : 0:  do_sqlite3 (0.10.14) from /home/emanuela/.rvm/gems/ruby-2.1.0/specifications/do_sqlite3-0.10.14.gemspec
I, [2014-04-26T18:44:31.127572 #13297]  INFO -- : 0:  dm-sqlite-adapter (1.2.0) from /home/emanuela/.rvm/gems/ruby-2.1.0/specifications/dm-sqlite-adapter-1.2.0.gemspec
I, [2014-04-26T18:44:31.128120 #13297]  INFO -- : 0:  eventmachine (1.0.3) from /home/emanuela/.rvm/gems/ruby-2.1.0/specifications/eventmachine-1.0.3.gemspec
I, [2014-04-26T18:44:31.128677 #13297]  INFO -- : 0:  em-websocket (0.3.8) from /home/emanuela/.rvm/gems/ruby-2.1.0/specifications/em-websocket-0.3.8.gemspec
I, [2014-04-26T18:44:31.129192 #13297]  INFO -- : 0:  ffi (1.9.3) from /home/emanuela/.rvm/gems/ruby-2.1.0/specifications/ffi-1.9.3.gemspec
I, [2014-04-26T18:44:31.129734 #13297]  INFO -- : 0:  tilt (1.4.1) from /home/emanuela/.rvm/gems/ruby-2.1.0/specifications/tilt-1.4.1.gemspec
I, [2014-04-26T18:44:31.131039 #13297]  INFO -- : 0:  haml (4.0.5) from /home/emanuela/.rvm/gems/ruby-2.1.0/specifications/haml-4.0.5.gemspec
I, [2014-04-26T18:44:31.131572 #13297]  INFO -- : 0:  rb-fsevent (0.9.4) from /home/emanuela/.rvm/gems/ruby-2.1.0/specifications/rb-fsevent-0.9.4.gemspec
I, [2014-04-26T18:44:31.131982 #13297]  INFO -- : 0:  rb-inotify (0.9.3) from /home/emanuela/.rvm/gems/ruby-2.1.0/specifications/rb-inotify-0.9.3.gemspec
I, [2014-04-26T18:44:31.132429 #13297]  INFO -- : 0:  listen (2.7.2) from /home/emanuela/.rvm/gems/ruby-2.1.0/specifications/listen-2.7.2.gemspec
I, [2014-04-26T18:44:31.132872 #13297]  INFO -- : 0:  rack (1.5.2) from /home/emanuela/.rvm/gems/ruby-2.1.0/specifications/rack-1.5.2.gemspec
I, [2014-04-26T18:44:31.133287 #13297]  INFO -- : 0:  rack-protection (1.5.3) from /home/emanuela/.rvm/gems/ruby-2.1.0/specifications/rack-protection-1.5.3.gemspec
I, [2014-04-26T18:44:31.133665 #13297]  INFO -- : 0:  rack-test (0.6.2) from /home/emanuela/.rvm/gems/ruby-2.1.0/specifications/rack-test-0.6.2.gemspec
I, [2014-04-26T18:44:31.134061 #13297]  INFO -- : 0:  rerun (0.9.0) from /home/emanuela/.rvm/gems/ruby-2.1.0/specifications/rerun-0.9.0.gemspec
I, [2014-04-26T18:44:31.134456 #13297]  INFO -- : 0:  sequel (4.9.0) from /home/emanuela/.rvm/gems/ruby-2.1.0/specifications/sequel-4.9.0.gemspec
I, [2014-04-26T18:44:31.869814 #13297]  INFO -- : 0:  shotgun (0.9) from /home/emanuela/.rvm/gems/ruby-2.1.0/specifications/shotgun-0.9.gemspec
I, [2014-04-26T18:44:31.870373 #13297]  INFO -- : 0:  sinatra (1.4.5) from /home/emanuela/.rvm/gems/ruby-2.1.0/specifications/sinatra-1.4.5.gemspec
I, [2014-04-26T18:44:31.870782 #13297]  INFO -- : 0:  sinatra-contrib (1.4.2) from /home/emanuela/.rvm/gems/ruby-2.1.0/specifications/sinatra-contrib-1.4.2.gemspec
I, [2014-04-26T18:44:31.871202 #13297]  INFO -- : 0:  thin (1.6.2) from /home/emanuela/.rvm/gems/ruby-2.1.0/specifications/thin-1.6.2.gemspec
I, [2014-04-26T18:44:31.871607 #13297]  INFO -- : 0:  sinatra-websocket (0.3.0) from /home/emanuela/.rvm/gems/ruby-2.1.0/specifications/sinatra-websocket-0.3.0.gemspec
I, [2014-04-26T18:44:31.872011 #13297]  INFO -- : 0:  sqlite3 (1.3.9) from /home/emanuela/.rvm/gems/ruby-2.1.0/specifications/sqlite3-1.3.9.gemspec
I, [2014-04-26T18:44:31.872377 #13297]  INFO -- : 0:  bundler (1.5.1) from /home/emanuela/.rvm/gems/ruby-2.1.0@global/specifications/bundler-1.5.1.gemspec
